2018-08-22 05:28:49   {"name":"冷荣富","age":22,"sex":"男"}
2018-08-22 10:12:10   []
2018-08-22 10:22:13   {"name":"冷荣富","age":22,"sex":"男"}
2018-08-22 18:19:02   {"\u975e\u6cd5\u7684\u7528\u6237\u540d\uff01":"qwertyoop"}
2018-08-22 18:20:46   {"\u975e\u6cd5\u7684\u7528\u6237\u540d\uff01":"qwertyoop"}
2018-08-22 18:21:44   {"\u975e\u6cd5\u7684\u7528\u6237\u540d\uff01":"qwertyoop"}
2018-08-22 18:22:47   {"\u975e\u6cd5\u7684\u7528\u6237\u540d\uff01":"qwertyoop"}
2018-08-22 18:26:26   {"\u975e\u6cd5\u7684\u7528\u6237\u540d\uff01":"qwertyoop"}
2018-08-22 18:27:06   {"\u975e\u6cd5\u7684\u7528\u6237\u540d\uff01":"qwertyoop"}
2018-08-22 18:39:41   {"\u975e\u6cd5\u7684\u7528\u6237\u540d\uff01":"qwertyoop"}
2018-08-22 18:40:00   {"\u975e\u6cd5\u7684\u7528\u6237\u540d\uff01":"qwertyoop"}
2018-08-22 18:40:15   {"\u975e\u6cd5\u7684\u7528\u6237\u540d\uff01":"qwertyoop"}
2018-08-22 19:46:42   array(0) {
}

2018-08-22 19:49:02   array(0) {
}

2018-08-22 19:50:04   array(0) {
}

2018-08-22 19:51:31   array(0) {
}

2018-08-22 19:52:09   array(0) {
}

2018-08-22 19:53:53   array(0) {
}

2018-08-22 19:54:31   array(1) {
  [0]=>
  array(1) {
    ["expired"]=>
    string(10) "1534983211"
  }
}

2018-08-22 19:55:28   array(1) {
  [0]=>
  array(1) {
    ["expired"]=>
    string(10) "1534983211"
  }
}

2018-08-22 19:56:59   array(0) {
}

2018-08-22 19:57:47   array(0) {
}

2018-08-22 20:00:59   array(0) {
}

2018-08-22 20:11:58   array(0) {
}

2018-08-22 20:13:23   array(1) {
  [0]=>
  array(1) {
    ["expired"]=>
    string(10) "1534987018"
  }
}

2018-08-22 20:13:32   array(2) {
  [0]=>
  array(1) {
    ["expired"]=>
    string(10) "1534987018"
  }
  [1]=>
  array(1) {
    ["expired"]=>
    string(10) "1534987103"
  }
}

2018-08-22 20:15:31   array(0) {
}

2018-08-22 20:20:25   array(1) {
  [0]=>
  array(1) {
    ["expired"]=>
    string(10) "1534983211"
  }
}

2018-08-22 20:33:35   array(1) {
  [0]=>
  array(1) {
    ["expired"]=>
    string(10) "1534983211"
  }
}

2018-08-22 20:33:57   array(2) {
  [0]=>
  array(1) {
    ["expired"]=>
    string(10) "1534983211"
  }
  [1]=>
  array(1) {
    ["expired"]=>
    string(10) "1534988315"
  }
}

2018-08-22 20:36:08   array(3) {
  [0]=>
  array(1) {
    ["expired"]=>
    string(10) "1534983211"
  }
  [1]=>
  array(1) {
    ["expired"]=>
    string(10) "1534988315"
  }
  [2]=>
  array(1) {
    ["expired"]=>
    string(10) "1534988337"
  }
}

2018-08-22 20:37:13   array(3) {
  [0]=>
  array(1) {
    ["expired"]=>
    string(10) "1534988468"
  }
  [1]=>
  array(1) {
    ["expired"]=>
    string(10) "1534988468"
  }
  [2]=>
  array(1) {
    ["expired"]=>
    string(10) "1534988468"
  }
}

2018-08-22 20:37:19   array(3) {
  [0]=>
  array(1) {
    ["expired"]=>
    string(10) "1534988533"
  }
  [1]=>
  array(1) {
    ["expired"]=>
    string(10) "1534988533"
  }
  [2]=>
  array(1) {
    ["expired"]=>
    string(10) "1534988533"
  }
}

2018-08-22 20:41:02   array(0) {
}

2018-08-22 20:41:13   array(1) {
  [0]=>
  array(1) {
    ["expired"]=>
    string(10) "1534988762"
  }
}

2018-08-22 20:41:52   array(1) {
  [0]=>
  array(1) {
    ["expired"]=>
    string(10) "1534988762"
  }
}

2018-08-22 20:42:00   array(1) {
  [0]=>
  array(1) {
    ["expired"]=>
    string(10) "1534988762"
  }
}

2018-08-22 20:42:08   array(1) {
  [0]=>
  array(1) {
    ["expired"]=>
    string(10) "1534988762"
  }
}

2018-08-22 20:42:53   array(1) {
  [0]=>
  array(1) {
    ["expired"]=>
    string(10) "1534988828"
  }
}

